<?xml version="1.0" encoding="UTF-8"?>
<!-- Generated by org.testng.reporters.JUnitReportReporter -->
<testsuite hostname="C02Q9EYZG8WN-L.local" name="com.chintan.tax.person.TaxPersonTest" tests="2" failures="0" timestamp="6 Feb 2016 06:01:49 GMT" time="0.014" errors="0">
  <testcase name="totalCostTest" time="0.007" classname="com.chintan.tax.person.TaxPersonTest"/>
  <testcase name="totalCostTest" time="0.007" classname="com.chintan.tax.person.TaxPersonTest"/>
</testsuite> <!-- com.chintan.tax.person.TaxPersonTest -->
